Chains:  1
All chains: A
chain: A
Residue: MET
Residue: GLN
Residue: ILE
Residue: PHE
Residue: VAL
Residue: LYS
Residue: THR
Residue: LEU
Residue: THR
Residue: GLY
Residue: LYS
Residue: THR
Residue: ILE
Residue: THR
Residue: LEU
Residue: GLU
Residue: VAL
Residue: GLU
Residue: PRO
Residue: SER
Residue: ASP
Residue: THR
Residue: ILE
Residue: GLU
Residue: ASN
Residue: VAL
Residue: LYS
Residue: ALA
Residue: LYS
Residue: ILE
Residue: GLN
Residue: ASP
Residue: LYS
Residue: GLU
Residue: GLY
Residue: ILE
Residue: PRO
Residue: PRO
Residue: ASP
Residue: GLN
Residue: GLN
Residue: ARG
Residue: LEU
Residue: ILE
Residue: PHE
Residue: ALA
Residue: GLY
Residue: LYS
Residue: GLN
Residue: LEU
Residue: GLU
Residue: ASP
Residue: GLY
Residue: ARG
Residue: THR
Residue: LEU
Residue: SER
Residue: ASP
Residue: TYR
Residue: ASN
Residue: ILE
Residue: GLN
Residue: LYS
Residue: GLU
Residue: SER
Residue: THR
Residue: LEU
Residue: HIS
Residue: LEU
Residue: VAL
Residue: LEU
Residue: ARG
Residue: LEU
Residue: ARG
Residue: GLY
Residue: GLY
Residue: HOH
Residue: HOH
Residue: HOH
Residue: HOH
Residue: HOH
Residue: HOH
Residue: HOH
Residue: HOH
Residue: HOH
Residue: HOH
Residue: HOH
Residue: HOH
Residue: HOH
Residue: HOH
Residue: HOH
Residue: HOH
Residue: HOH
Residue: HOH
Residue: HOH
Residue: HOH
Residue: HOH
Residue: HOH
Residue: HOH
Residue: HOH
Residue: HOH
Residue: HOH
Residue: HOH
Residue: HOH
Residue: HOH
Residue: HOH
Residue: HOH
Residue: HOH
Residue: HOH
Residue: HOH
Residue: HOH
Residue: HOH
Residue: HOH
Residue: HOH
Residue: HOH
Residue: HOH
Residue: HOH
Residue: HOH
Residue: HOH
Residue: HOH
Residue: HOH
Residue: HOH
Residue: HOH
Residue: HOH
Residue: HOH
Residue: HOH
Residue: HOH
Residue: HOH
Residue: HOH
Residue: HOH
Residue: HOH
Residue: HOH
Residue: HOH
Residue: HOH
